

============================== 2022-04-18 08:46:34.812209 | 5600ffdb-8c07-4761-bb40-3bae936addef ==============================
08:46:34.812209 [info ] [MainThread]: Running with dbt=1.0.4
08:46:34.812471 [debug] [MainThread]: running dbt with arguments Namespace(cls=<class 'dbt.task.init.InitTask'>, debug=None, defer=None, event_buffer_size=None, fail_fast=None, log_cache_events=False, log_format=None, partial_parse=None, printer_width=None, profile=None, profiles_dir='/Users/ketansahu/.dbt', project_dir=None, project_name='dbt-setup', record_timing_info=None, rpc_method=None, send_anonymous_usage_stats=None, single_threaded=False, skip_profile_setup=False, state=None, static_parser=None, target=None, use_colors=None, use_experimental_parser=None, vars='{}', version_check=None, warn_error=None, which='init', write_json=None)
08:46:34.812575 [debug] [MainThread]: Tracking: tracking
08:46:34.837087 [debug] [MainThread]: Sending event: {'category': 'dbt', 'action': 'invocation', 'label': 'start', 'context': [<snowplow_tracker.self_describing_json.SelfDescribingJson object at 0x7fa37233ea90>, <snowplow_tracker.self_describing_json.SelfDescribingJson object at 0x7fa37231cbb0>, <snowplow_tracker.self_describing_json.SelfDescribingJson object at 0x7fa372335d90>]}
08:46:34.838229 [info ] [MainThread]: Creating dbt configuration folder at /Users/ketansahu/.dbt


============================== 2022-04-18 08:49:30.352458 | 49cf12da-3d42-4cd7-b692-a31e8f33833f ==============================
08:49:30.352458 [info ] [MainThread]: Running with dbt=1.0.4
08:49:30.352698 [debug] [MainThread]: running dbt with arguments Namespace(cls=<class 'dbt.task.init.InitTask'>, debug=None, defer=None, event_buffer_size=None, fail_fast=None, log_cache_events=False, log_format=None, partial_parse=None, printer_width=None, profile=None, profiles_dir='/Users/ketansahu/.dbt', project_dir=None, project_name='setupDBT', record_timing_info=None, rpc_method=None, send_anonymous_usage_stats=None, single_threaded=False, skip_profile_setup=False, state=None, static_parser=None, target=None, use_colors=None, use_experimental_parser=None, vars='{}', version_check=None, warn_error=None, which='init', write_json=None)
08:49:30.352816 [debug] [MainThread]: Tracking: tracking
08:49:30.374999 [debug] [MainThread]: Sending event: {'category': 'dbt', 'action': 'invocation', 'label': 'start', 'context': [<snowplow_tracker.self_describing_json.SelfDescribingJson object at 0x7fda4313eb80>, <snowplow_tracker.self_describing_json.SelfDescribingJson object at 0x7fda4311ca90>, <snowplow_tracker.self_describing_json.SelfDescribingJson object at 0x7fda43135e20>]}
08:49:30.376342 [debug] [MainThread]: Starter project path: /Users/ketansahu/opt/anaconda3/lib/python3.8/site-packages/dbt/include/starter_project
08:49:42.551129 [info ] [MainThread]: No sample profile found for sqlserver.
08:49:42.551389 [info ] [MainThread]: 
Your new dbt project "setupDBT" was created!

For more information on how to configure the profiles.yml file,
please consult the dbt documentation here:

  https://docs.getdbt.com/docs/configure-your-profile

One more thing:

Need help? Don't hesitate to reach out to us via GitHub issues or on Slack:

  https://community.getdbt.com/

Happy modeling!

08:49:42.551596 [debug] [MainThread]: Sending event: {'category': 'dbt', 'action': 'invocation', 'label': 'end', 'context': [<snowplow_tracker.self_describing_json.SelfDescribingJson object at 0x7fda43135e20>, <snowplow_tracker.self_describing_json.SelfDescribingJson object at 0x7fda4314c760>, <snowplow_tracker.self_describing_json.SelfDescribingJson object at 0x7fda4314c940>]}


============================== 2022-04-18 09:13:48.067681 | 44eddc1d-3260-4aa0-8028-c79f6e5aa611 ==============================
09:13:48.067681 [info ] [MainThread]: Running with dbt=1.0.4
09:13:48.068096 [debug] [MainThread]: running dbt with arguments Namespace(cls=<class 'dbt.task.debug.DebugTask'>, config_dir=False, debug=None, defer=None, event_buffer_size=None, fail_fast=None, log_cache_events=False, log_format=None, partial_parse=None, printer_width=None, profile=None, profiles_dir='/Users/ketansahu/.dbt', project_dir=None, record_timing_info=None, rpc_method=None, send_anonymous_usage_stats=None, single_threaded=False, state=None, static_parser=None, target=None, use_colors=None, use_experimental_parser=None, vars='{}', version_check=None, warn_error=None, which='debug', write_json=None)
09:13:48.068225 [debug] [MainThread]: Tracking: tracking
09:13:48.095534 [debug] [MainThread]: Sending event: {'category': 'dbt', 'action': 'invocation', 'label': 'start', 'context': [<snowplow_tracker.self_describing_json.SelfDescribingJson object at 0x7f9af29a6cd0>, <snowplow_tracker.self_describing_json.SelfDescribingJson object at 0x7f9af299d910>, <snowplow_tracker.self_describing_json.SelfDescribingJson object at 0x7f9af2984ac0>]}
09:13:48.096690 [debug] [MainThread]: Executing "git --help"
09:13:48.118712 [debug] [MainThread]: STDOUT: "b"usage: git [--version] [--help] [-C <path>] [-c <name>=<value>]\n           [--exec-path[=<path>]] [--html-path] [--man-path] [--info-path]\n           [-p | --paginate | -P | --no-pager] [--no-replace-objects] [--bare]\n           [--git-dir=<path>] [--work-tree=<path>] [--namespace=<name>]\n           [--super-prefix=<path>] [--config-env=<name>=<envvar>]\n           <command> [<args>]\n\nThese are common Git commands used in various situations:\n\nstart a working area (see also: git help tutorial)\n   clone     Clone a repository into a new directory\n   init      Create an empty Git repository or reinitialize an existing one\n\nwork on the current change (see also: git help everyday)\n   add       Add file contents to the index\n   mv        Move or rename a file, a directory, or a symlink\n   restore   Restore working tree files\n   rm        Remove files from the working tree and from the index\n\nexamine the history and state (see also: git help revisions)\n   bisect    Use binary search to find the commit that introduced a bug\n   diff      Show changes between commits, commit and working tree, etc\n   grep      Print lines matching a pattern\n   log       Show commit logs\n   show      Show various types of objects\n   status    Show the working tree status\n\ngrow, mark and tweak your common history\n   branch    List, create, or delete branches\n   commit    Record changes to the repository\n   merge     Join two or more development histories together\n   rebase    Reapply commits on top of another base tip\n   reset     Reset current HEAD to the specified state\n   switch    Switch branches\n   tag       Create, list, delete or verify a tag object signed with GPG\n\ncollaborate (see also: git help workflows)\n   fetch     Download objects and refs from another repository\n   pull      Fetch from and integrate with another repository or a local branch\n   push      Update remote refs along with associated objects\n\n'git help -a' and 'git help -g' list available subcommands and some\nconcept guides. See 'git help <command>' or 'git help <concept>'\nto read about a specific subcommand or concept.\nSee 'git help git' for an overview of the system.\n""
09:13:48.119402 [debug] [MainThread]: STDERR: "b''"
09:13:48.119801 [debug] [MainThread]: Sending event: {'category': 'dbt', 'action': 'invocation', 'label': 'end', 'context': [<snowplow_tracker.self_describing_json.SelfDescribingJson object at 0x7f9af29a6cd0>, <snowplow_tracker.self_describing_json.SelfDescribingJson object at 0x7f9af29b2820>, <snowplow_tracker.self_describing_json.SelfDescribingJson object at 0x7f9af29b2700>]}


============================== 2022-04-18 09:14:24.663320 | ee81f333-ca82-43ef-81e7-abda3f3b0a2d ==============================
09:14:24.663320 [info ] [MainThread]: Running with dbt=1.0.4
09:14:24.663533 [debug] [MainThread]: running dbt with arguments Namespace(cls=<class 'dbt.task.debug.DebugTask'>, config_dir=False, debug=None, defer=None, event_buffer_size=None, fail_fast=None, log_cache_events=False, log_format=None, partial_parse=None, printer_width=None, profile=None, profiles_dir='/Users/ketansahu/.dbt', project_dir=None, record_timing_info=None, rpc_method=None, send_anonymous_usage_stats=None, single_threaded=False, state=None, static_parser=None, target=None, use_colors=None, use_experimental_parser=None, vars='{}', version_check=None, warn_error=None, which='debug', write_json=None)
09:14:24.663640 [debug] [MainThread]: Tracking: tracking
09:14:24.687893 [debug] [MainThread]: Sending event: {'category': 'dbt', 'action': 'invocation', 'label': 'start', 'context': [<snowplow_tracker.self_describing_json.SelfDescribingJson object at 0x7fe7b2e86c40>, <snowplow_tracker.self_describing_json.SelfDescribingJson object at 0x7fe7b2e7d8b0>, <snowplow_tracker.self_describing_json.SelfDescribingJson object at 0x7fe7b2e64a00>]}
09:14:24.689449 [debug] [MainThread]: Executing "git --help"
09:14:24.705267 [debug] [MainThread]: STDOUT: "b"usage: git [--version] [--help] [-C <path>] [-c <name>=<value>]\n           [--exec-path[=<path>]] [--html-path] [--man-path] [--info-path]\n           [-p | --paginate | -P | --no-pager] [--no-replace-objects] [--bare]\n           [--git-dir=<path>] [--work-tree=<path>] [--namespace=<name>]\n           [--super-prefix=<path>] [--config-env=<name>=<envvar>]\n           <command> [<args>]\n\nThese are common Git commands used in various situations:\n\nstart a working area (see also: git help tutorial)\n   clone     Clone a repository into a new directory\n   init      Create an empty Git repository or reinitialize an existing one\n\nwork on the current change (see also: git help everyday)\n   add       Add file contents to the index\n   mv        Move or rename a file, a directory, or a symlink\n   restore   Restore working tree files\n   rm        Remove files from the working tree and from the index\n\nexamine the history and state (see also: git help revisions)\n   bisect    Use binary search to find the commit that introduced a bug\n   diff      Show changes between commits, commit and working tree, etc\n   grep      Print lines matching a pattern\n   log       Show commit logs\n   show      Show various types of objects\n   status    Show the working tree status\n\ngrow, mark and tweak your common history\n   branch    List, create, or delete branches\n   commit    Record changes to the repository\n   merge     Join two or more development histories together\n   rebase    Reapply commits on top of another base tip\n   reset     Reset current HEAD to the specified state\n   switch    Switch branches\n   tag       Create, list, delete or verify a tag object signed with GPG\n\ncollaborate (see also: git help workflows)\n   fetch     Download objects and refs from another repository\n   pull      Fetch from and integrate with another repository or a local branch\n   push      Update remote refs along with associated objects\n\n'git help -a' and 'git help -g' list available subcommands and some\nconcept guides. See 'git help <command>' or 'git help <concept>'\nto read about a specific subcommand or concept.\nSee 'git help git' for an overview of the system.\n""
09:14:24.706000 [debug] [MainThread]: STDERR: "b''"
09:14:24.706501 [debug] [MainThread]: Sending event: {'category': 'dbt', 'action': 'invocation', 'label': 'end', 'context': [<snowplow_tracker.self_describing_json.SelfDescribingJson object at 0x7fe7b2e926d0>, <snowplow_tracker.self_describing_json.SelfDescribingJson object at 0x7fe7b2e928b0>, <snowplow_tracker.self_describing_json.SelfDescribingJson object at 0x7fe7b2e92df0>]}
